aguillem3@jabba:~/Documents/2A/n7hidoop/src$ java application/TestMapReduce 5510
{}
 <= Lancement du Map-Reduce =>
 => Lancement du server de gestion des CallBacks à l'adresse : //jabba:6969/gcb => Server GCB lancé 
 
 
 
 <= Contact des Daemons : -> Recherche du Daemon : //ewok:5510/Daemon Daemon trouvé !
java.lang.NullPointerException
	at formats.FormatLine.read(FormatLine.java:41)
	at application.TestMapReduce$1.map(TestMapReduce.java:40)
	at ordo.DaemonImpl.runMap(DaemonImpl.java:72)
	at sun.reflect.NativeMethodAccessorImpl.invoke0(Native Method)
	at sun.reflect.NativeMethodAccessorImpl.invoke(NativeMethodAccessorImpl.java:62)
	at sun.reflect.DelegatingMethodAccessorImpl.invoke(DelegatingMethodAccessorImpl.java:43)
	at java.lang.reflect.Method.invoke(Method.java:498)
	at sun.rmi.server.UnicastServerRef.dispatch(UnicastServerRef.java:357)
	at sun.rmi.transport.Transport$1.run(Transport.java:200)
	at sun.rmi.transport.Transport$1.run(Transport.java:197)
	at java.security.AccessController.doPrivileged(Native Method)
	at sun.rmi.transport.Transport.serviceCall(Transport.java:196)
	at sun.rmi.transport.tcp.TCPTransport.handleMessages(TCPTransport.java:573)
	at sun.rmi.transport.tcp.TCPTransport$ConnectionHandler.run0(TCPTransport.java:834)
	at sun.rmi.transport.tcp.TCPTransport$ConnectionHandler.lambda$run$0(TCPTransport.java:688)
	at java.security.AccessController.doPrivileged(Native Method)
	at sun.rmi.transport.tcp.TCPTransport$ConnectionHandler.run(TCPTransport.java:687)
	at java.util.concurrent.ThreadPoolExecutor.runWorker(ThreadPoolExecutor.java:1149)
	at java.util.concurrent.ThreadPoolExecutor$Worker.run(ThreadPoolExecutor.java:624)
	at java.lang.Thread.run(Thread.java:748)
	at sun.rmi.transport.StreamRemoteCall.exceptionReceivedFromServer(StreamRemoteCall.java:283)
	at sun.rmi.transport.StreamRemoteCall.executeCall(StreamRemoteCall.java:260)
	at sun.rmi.server.UnicastRef.invoke(UnicastRef.java:161)
	at java.rmi.server.RemoteObjectInvocationHandler.invokeRemoteMethod(RemoteObjectInvocationHandler.java:227)
	at java.rmi.server.RemoteObjectInvocationHandler.invoke(RemoteObjectInvocationHandler.java:179)
	at com.sun.proxy.$Proxy1.runMap(Unknown Source)
	at ordo.Job.startJob(Job.java:151)
	at application.TestMapReduce.main(TestMapReduce.java:45)
 <= Attente des résultats ...

