<= Daemon lancé à l'url : //ewok:5510/Daemon =>
<= Daemon lancé à l'url : //yoda:5510/Daemon =>
<= Daemon lancé à l'url : //pinkfloyd:5510/Daemon =>
<= Daemon lancé à l'url : //motorhead:5510/Daemon =>
<= Daemon lancé à l'url : //muse:5510/Daemon =>
<= Daemon lancé à l'url : //r2d2:5510/Daemon =>
Ouverture du fichier ../dataewokspleen.txt en mode lecture -> Impossible d'ouvrir le fichier.
java.io.FileNotFoundException: ../dataewokspleen.txt (Aucun fichier ou dossier de ce type)
	at java.io.FileInputStream.open0(Native Method)
	at java.io.FileInputStream.open(FileInputStream.java:195)
	at java.io.FileInputStream.<init>(FileInputStream.java:138)
	at java.io.FileReader.<init>(FileReader.java:72)
	at formats.FormatLine.open(FormatLine.java:86)
	at ordo.DaemonImpl.runMap(DaemonImpl.java:65)
	at sun.reflect.NativeMethodAccessorImpl.invoke0(Native Method)
	at sun.reflect.NativeMethodAccessorImpl.invoke(NativeMethodAccessorImpl.java:62)
	at sun.reflect.DelegatingMethodAccessorImpl.invoke(DelegatingMethodAccessorImpl.java:43)
	at java.lang.reflect.Method.invoke(Method.java:498)
	at sun.rmi.server.UnicastServerRef.dispatch(UnicastServerRef.java:357)
	at sun.rmi.transport.Transport$1.run(Transport.java:200)
	at sun.rmi.transport.Transport$1.run(Transport.java:197)
	at java.security.AccessController.doPrivileged(Native Method)
	at sun.rmi.transport.Transport.serviceCall(Transport.java:196)
	at sun.rmi.transport.tcp.TCPTransport.handleMessages(TCPTransport.java:573)
	at sun.rmi.transport.tcp.TCPTransport$ConnectionHandler.run0(TCPTransport.java:834)
	at sun.rmi.transport.tcp.TCPTransport$ConnectionHandler.lambda$run$0(TCPTransport.java:688)
	at java.security.AccessController.doPrivileged(Native Method)
	at sun.rmi.transport.tcp.TCPTransport$ConnectionHandler.run(TCPTransport.java:687)
	at java.util.concurrent.ThreadPoolExecutor.runWorker(ThreadPoolExecutor.java:1149)
	at java.util.concurrent.ThreadPoolExecutor$Worker.run(ThreadPoolExecutor.java:624)
	at java.lang.Thread.run(Thread.java:748)
Ouverture du fichier ../dataewokTemp_spleen.txt en mode ecriture.

